<?xml version="1.0" encoding="UTF-8"?>
<!-- Generated by org.testng.reporters.JUnitXMLReporter -->
<testsuite ignored="0" hostname="LAPTOP-MIBHCKO2" failures="0" tests="6" name="Default test" time="9.284" errors="0" timestamp="2025-07-09T12:03:23 IST">
  <testcase classname="tests.APITest" name="createUserAPITest" time="4.362"/>
  <testcase classname="tests.APITest" name="generateTokenAPITest" time="1.193"/>
  <testcase classname="tests.APITest" name="getBooksAPITest" time="0.721"/>
  <testcase classname="tests.APITest" name="addBookAPITest" time="0.75"/>
  <testcase classname="tests.APITest" name="editBookAPITest" time="0.777"/>
  <testcase classname="tests.APITest" name="deleteBookAPITest" time="0.8"/>
</testsuite> <!-- Default test -->
