<?xml version="1.0" encoding="UTF-8"?>
<!-- Generated by org.testng.reporters.JUnitXMLReporter -->
<testsuite ignored="2" hostname="LAPTOP-MIBHCKO2" failures="0" tests="3" name="LoginTest" time="21.482" errors="0" timestamp="2025-07-06T19:35:05 IST">
  <testcase classname="base.BaseTest" name="@AfterMethod tearDown" time="0.009">
    <failure type="java.lang.NullPointerException" message="Cannot invoke &amp;quot;org.openqa.selenium.TakesScreenshot.getScreenshotAs(org.openqa.selenium.OutputType)&amp;quot; because &amp;quot;driver&amp;quot; is null">
      <![CDATA[java.lang.NullPointerException: Cannot invoke "org.openqa.selenium.TakesScreenshot.getScreenshotAs(org.openqa.selenium.OutputType)" because "driver" is null
at utils.ExtentReportManager.captureScreenShot(ExtentReportManager.java:49)
at base.BaseTest.tearDown(BaseTest.java:65)
at java.base/java.util.ArrayList.forEach(ArrayList.java:1596)
... Removed 30 stack frames]]>
    </failure>
  </testcase> <!-- @AfterMethod tearDown -->
  <testcase classname="tests.APITest" name="getBooks" time="3.297"/>
  <testcase classname="tests.LoginTest" name="loginTest" time="2.564"/>
  <testcase classname="tests.LoginTest" name="loginTest" time="2.455"/>
  <testcase classname="base.BaseTest" name="@BeforeSuite setUpReport" time="0.0">
    <ignored/>
  </testcase> <!-- @BeforeSuite setUpReport -->
  <testcase classname="base.BaseTest" name="@AfterSuite tearDownReport" time="0.0">
    <ignored/>
  </testcase> <!-- @AfterSuite tearDownReport -->
</testsuite> <!-- LoginTest -->
