<?xml version="1.0" encoding="UTF-8"?>
<testng-results ignored="0" total="2" passed="2" failed="0" skipped="0">
  <reporter-output>
  </reporter-output>
  <suite started-at="2025-06-24T19:34:14 IST" name="Default suite" finished-at="2025-06-24T19:34:27 IST" duration-ms="13462">
    <groups>
    </groups>
    <test started-at="2025-06-24T19:34:14 IST" name="Default test" finished-at="2025-06-24T19:34:27 IST" duration-ms="13462">
      <class name="tests.LoginTest">
        <test-method is-config="true" signature="setup()[pri:0, instance:tests.LoginTest@3c9754d8]" started-at="2025-06-24T19:34:14 IST" name="setup" finished-at="2025-06-24T19:34:20 IST" duration-ms="5515" status="PASS">
          <reporter-output>
          </reporter-output>
        </test-method> <!-- setup -->
        <test-method signature="invalidLoginTest()[pri:0, instance:tests.LoginTest@3c9754d8]" started-at="2025-06-24T19:34:20 IST" name="invalidLoginTest" finished-at="2025-06-24T19:34:21 IST" duration-ms="1439" status="PASS">
          <reporter-output>
          </reporter-output>
        </test-method> <!-- invalidLoginTest -->
        <test-method is-config="true" signature="tearDown()[pri:0, instance:tests.LoginTest@3c9754d8]" started-at="2025-06-24T19:34:21 IST" name="tearDown" finished-at="2025-06-24T19:34:21 IST" duration-ms="338" status="PASS">
          <reporter-output>
          </reporter-output>
        </test-method> <!-- tearDown -->
        <test-method is-config="true" signature="setup()[pri:0, instance:tests.LoginTest@3c9754d8]" started-at="2025-06-24T19:34:21 IST" name="setup" finished-at="2025-06-24T19:34:26 IST" duration-ms="4389" status="PASS">
          <reporter-output>
          </reporter-output>
        </test-method> <!-- setup -->
        <test-method signature="validLoginTest()[pri:0, instance:tests.LoginTest@3c9754d8]" started-at="2025-06-24T19:34:26 IST" name="validLoginTest" finished-at="2025-06-24T19:34:27 IST" duration-ms="1299" status="PASS">
          <reporter-output>
          </reporter-output>
        </test-method> <!-- validLoginTest -->
        <test-method is-config="true" signature="tearDown()[pri:0, instance:tests.LoginTest@3c9754d8]" started-at="2025-06-24T19:34:27 IST" name="tearDown" finished-at="2025-06-24T19:34:27 IST" duration-ms="345" status="PASS">
          <reporter-output>
          </reporter-output>
        </test-method> <!-- tearDown -->
      </class> <!-- tests.LoginTest -->
    </test> <!-- Default test -->
  </suite> <!-- Default suite -->
</testng-results>
